Arguments: 
  C:\Program Files\nodejs\node.exe C:\Users\rgaze\AppData\Roaming\npm\node_modules\yarn\bin\yarn.js add typescript ts-node eslint-plugin-import eslint @typescript-eslint/parser @typescript-eslint/eslint-plugi --dev

PATH: 
  C:\Users\rgaze\Downloads\Compressed\cmder\vendor\bin;C:\Users\rgaze\Downloads\Compressed\cmder\vendor\conemu-maximus5\ConEmu\Scripts;C:\Users\rgaze\Downloads\Compressed\cmder\vendor\conemu-maximus5;C:\Users\rgaze\Downloads\Compressed\cmder\vendor\conemu-maximus5\ConEmu;C:\Windows\system32;C:\Windows;C:\Windows\System32\Wbem;C:\Windows\System32\WindowsPowerShell\v1.0\;C:\Windows\System32\OpenSSH\;C:\Program Files\nodejs\;C:\Program Files\Git\cmd;C:\Program Files\Docker\Docker\resources\bin;C:\ProgramData\DockerDesktop\version-bin;C:\Go\bin;C:\Users\rgaze\AppData\Local\Microsoft\WindowsApps;C:\Users\rgaze\AppData\Roaming\npm;C:\Users\rgaze\go\bin;C:\Program Files\Git\mingw64\bin;C:\Program Files\Git\usr\bin;C:\Users\rgaze\Downloads\Compressed\cmder

Yarn version: 
  1.22.4

Node version: 
  12.18.1

Platform: 
  win32 x64

Trace: 
  Error: https://registry.yarnpkg.com/@typescript-eslint%2feslint-plugi: Not found
      at Request.params.callback [as _callback] (C:\Users\rgaze\AppData\Roaming\npm\node_modules\yarn\lib\cli.js:66987:18)
      at Request.self.callback (C:\Users\rgaze\AppData\Roaming\npm\node_modules\yarn\lib\cli.js:140748:22)
      at Request.emit (events.js:315:20)
      at Request.<anonymous> (C:\Users\rgaze\AppData\Roaming\npm\node_modules\yarn\lib\cli.js:141720:10)
      at Request.emit (events.js:315:20)
      at IncomingMessage.<anonymous> (C:\Users\rgaze\AppData\Roaming\npm\node_modules\yarn\lib\cli.js:141642:12)
      at Object.onceWrapper (events.js:421:28)
      at IncomingMessage.emit (events.js:327:22)
      at endReadableNT (_stream_readable.js:1221:12)
      at processTicksAndRejections (internal/process/task_queues.js:84:21)

npm manifest: 
  {
    "name": "Bowling-Project",
    "version": "1.0.0",
    "main": "index.js",
    "author": "Reza gazeri",
    "license": "MIT"
  }

yarn manifest: 
  No manifest

Lockfile: 
  No lockfile
